<?xml version="1.0" encoding="UTF-8"?>
<testng-results skipped="0" failed="0" ignored="0" total="2" passed="2">
  <reporter-output>
  </reporter-output>
  <suite name="Suite" duration-ms="108" started-at="2019-04-30T07:54:52Z" finished-at="2019-04-30T07:54:52Z">
    <groups>
    </groups>
    <test name="Test" duration-ms="108" started-at="2019-04-30T07:54:52Z" finished-at="2019-04-30T07:54:52Z">
      <class name="basic.MyfirstTNG">
        <test-method status="PASS" signature="m1()[pri:0, instance:basic.MyfirstTNG@1e0a01f]" name="m1" duration-ms="0" started-at="2019-04-30T07:54:52Z" finished-at="2019-04-30T07:54:52Z">
          <reporter-output>
          </reporter-output>
        </test-method> <!-- m1 -->
      </class> <!-- basic.MyfirstTNG -->
      <class name="basic.MySecTNG">
        <test-method status="PASS" signature="m2()[pri:0, instance:basic.MySecTNG@bc6874]" name="m2" duration-ms="15" started-at="2019-04-30T07:54:52Z" finished-at="2019-04-30T07:54:52Z">
          <reporter-output>
          </reporter-output>
        </test-method> <!-- m2 -->
      </class> <!-- basic.MySecTNG -->
    </test> <!-- Test -->
  </suite> <!-- Suite -->
</testng-results>
